[0.422s] Invoking command in '/home/nakayama/ros2_ws/src/mypkg': PYTHONPATH=/home/nakayama/ros2_ws/build/mypkg/prefix_override:/usr/lib/python3/dist-packages/colcon_core/task/python/colcon_distutils_commands:/home/nakayama/ros2_ws/install/mypkg/lib/python3.8/site-packages:${PYTHONPATH} /usr/bin/python3 -W ignore:setup.py install is deprecated setup.py egg_info --egg-base ../../build/mypkg build --build-base /home/nakayama/ros2_ws/build/mypkg/build install --record /home/nakayama/ros2_ws/build/mypkg/install.log --install-scripts $base/lib/mypkg --single-version-externally-managed install_data
[0.521s] running egg_info
[0.521s] creating ../../build/mypkg/mypkg.egg-info
[0.521s] writing ../../build/mypkg/mypkg.egg-info/PKG-INFO
[0.521s] writing dependency_links to ../../build/mypkg/mypkg.egg-info/dependency_links.txt
[0.522s] writing entry points to ../../build/mypkg/mypkg.egg-info/entry_points.txt
[0.522s] writing requirements to ../../build/mypkg/mypkg.egg-info/requires.txt
[0.522s] writing top-level names to ../../build/mypkg/mypkg.egg-info/top_level.txt
[0.526s] writing manifest file '../../build/mypkg/mypkg.egg-info/SOURCES.txt'
[0.544s] reading manifest file '../../build/mypkg/mypkg.egg-info/SOURCES.txt'
[0.544s] writing manifest file '../../build/mypkg/mypkg.egg-info/SOURCES.txt'
[0.544s] running build
[0.544s] running build_py
[0.544s] creating /home/nakayama/ros2_ws/build/mypkg/build
[0.544s] creating /home/nakayama/ros2_ws/build/mypkg/build/lib
[0.544s] creating /home/nakayama/ros2_ws/build/mypkg/build/lib/mypkg
[0.544s] copying mypkg/__init__.py -> /home/nakayama/ros2_ws/build/mypkg/build/lib/mypkg
[0.545s] running install
[0.545s] running install_lib
[0.546s] creating /home/nakayama/ros2_ws/install/mypkg/lib/python3.8/site-packages/mypkg
[0.546s] copying /home/nakayama/ros2_ws/build/mypkg/build/lib/mypkg/__init__.py -> /home/nakayama/ros2_ws/install/mypkg/lib/python3.8/site-packages/mypkg
[0.546s] byte-compiling /home/nakayama/ros2_ws/install/mypkg/lib/python3.8/site-packages/mypkg/__init__.py to __init__.cpython-38.pyc
[0.547s] running install_data
[0.547s] creating /home/nakayama/ros2_ws/install/mypkg/share/ament_index
[0.547s] creating /home/nakayama/ros2_ws/install/mypkg/share/ament_index/resource_index
[0.547s] creating /home/nakayama/ros2_ws/install/mypkg/share/ament_index/resource_index/packages
[0.547s] copying resource/mypkg -> /home/nakayama/ros2_ws/install/mypkg/share/ament_index/resource_index/packages
[0.547s] copying package.xml -> /home/nakayama/ros2_ws/install/mypkg/share/mypkg
[0.547s] running install_egg_info
[0.548s] Copying ../../build/mypkg/mypkg.egg-info to /home/nakayama/ros2_ws/install/mypkg/lib/python3.8/site-packages/mypkg-0.0.0-py3.8.egg-info
[0.549s] running install_scripts
[0.558s] writing list of installed files to '/home/nakayama/ros2_ws/build/mypkg/install.log'
[0.569s] Invoked command in '/home/nakayama/ros2_ws/src/mypkg' returned '0': PYTHONPATH=/home/nakayama/ros2_ws/build/mypkg/prefix_override:/usr/lib/python3/dist-packages/colcon_core/task/python/colcon_distutils_commands:/home/nakayama/ros2_ws/install/mypkg/lib/python3.8/site-packages:${PYTHONPATH} /usr/bin/python3 -W ignore:setup.py install is deprecated setup.py egg_info --egg-base ../../build/mypkg build --build-base /home/nakayama/ros2_ws/build/mypkg/build install --record /home/nakayama/ros2_ws/build/mypkg/install.log --install-scripts $base/lib/mypkg --single-version-externally-managed install_data
