[0.304s] Invoking command in '/home/nakayama/ros2_ws/src/mypkg': PYTHONPATH=/home/nakayama/ros2_ws/build/mypkg/prefix_override:/usr/lib/python3/dist-packages/colcon_core/task/python/colcon_distutils_commands:/home/nakayama/ros2_ws/install/mypkg/lib/python3.8/site-packages:${PYTHONPATH} /usr/bin/python3 -W ignore:setup.py install is deprecated setup.py egg_info --egg-base ../../build/mypkg build --build-base /home/nakayama/ros2_ws/build/mypkg/build install --record /home/nakayama/ros2_ws/build/mypkg/install.log --install-scripts $base/lib/mypkg --single-version-externally-managed install_data
[0.400s] running egg_info
[0.401s] writing ../../build/mypkg/mypkg.egg-info/PKG-INFO
[0.401s] writing dependency_links to ../../build/mypkg/mypkg.egg-info/dependency_links.txt
[0.401s] writing entry points to ../../build/mypkg/mypkg.egg-info/entry_points.txt
[0.401s] writing requirements to ../../build/mypkg/mypkg.egg-info/requires.txt
[0.401s] writing top-level names to ../../build/mypkg/mypkg.egg-info/top_level.txt
[0.419s] reading manifest file '../../build/mypkg/mypkg.egg-info/SOURCES.txt'
[0.419s] writing manifest file '../../build/mypkg/mypkg.egg-info/SOURCES.txt'
[0.419s] running build
[0.419s] running build_py
[0.420s] running install
[0.420s] running install_lib
[0.421s] running install_data
[0.421s] running install_egg_info
[0.422s] removing '/home/nakayama/ros2_ws/install/mypkg/lib/python3.8/site-packages/mypkg-0.0.0-py3.8.egg-info' (and everything under it)
[0.422s] Copying ../../build/mypkg/mypkg.egg-info to /home/nakayama/ros2_ws/install/mypkg/lib/python3.8/site-packages/mypkg-0.0.0-py3.8.egg-info
[0.422s] running install_scripts
[0.432s] Installing talker script to /home/nakayama/ros2_ws/install/mypkg/lib/mypkg
[0.432s] writing list of installed files to '/home/nakayama/ros2_ws/build/mypkg/install.log'
[0.443s] Invoked command in '/home/nakayama/ros2_ws/src/mypkg' returned '0': PYTHONPATH=/home/nakayama/ros2_ws/build/mypkg/prefix_override:/usr/lib/python3/dist-packages/colcon_core/task/python/colcon_distutils_commands:/home/nakayama/ros2_ws/install/mypkg/lib/python3.8/site-packages:${PYTHONPATH} /usr/bin/python3 -W ignore:setup.py install is deprecated setup.py egg_info --egg-base ../../build/mypkg build --build-base /home/nakayama/ros2_ws/build/mypkg/build install --record /home/nakayama/ros2_ws/build/mypkg/install.log --install-scripts $base/lib/mypkg --single-version-externally-managed install_data
