[0.369s] Invoking command in '/home/nakayama/ros2_ws/src/mypkg': PYTHONPATH=/home/nakayama/ros2_ws/build/mypkg/prefix_override:/usr/lib/python3/dist-packages/colcon_core/task/python/colcon_distutils_commands:/home/nakayama/ros2_ws/install/mypkg/lib/python3.8/site-packages:${PYTHONPATH} /usr/bin/python3 -W ignore:setup.py install is deprecated setup.py egg_info --egg-base ../../build/mypkg build --build-base /home/nakayama/ros2_ws/build/mypkg/build install --record /home/nakayama/ros2_ws/build/mypkg/install.log --install-scripts $base/lib/mypkg --single-version-externally-managed install_data
[0.469s] running egg_info
[0.469s] writing ../../build/mypkg/mypkg.egg-info/PKG-INFO
[0.471s] writing dependency_links to ../../build/mypkg/mypkg.egg-info/dependency_links.txt
[0.471s] writing entry points to ../../build/mypkg/mypkg.egg-info/entry_points.txt
[0.471s] writing requirements to ../../build/mypkg/mypkg.egg-info/requires.txt
[0.471s] writing top-level names to ../../build/mypkg/mypkg.egg-info/top_level.txt
[0.492s] reading manifest file '../../build/mypkg/mypkg.egg-info/SOURCES.txt'
[0.492s] writing manifest file '../../build/mypkg/mypkg.egg-info/SOURCES.txt'
[0.492s] running build
[0.492s] running build_py
[0.493s] running install
[0.494s] running install_lib
[0.495s] running install_data
[0.495s] copying launch/talk_listen.launch.py -> /home/nakayama/ros2_ws/install/mypkg/share/mypkg
[0.496s] running install_egg_info
[0.496s] removing '/home/nakayama/ros2_ws/install/mypkg/lib/python3.8/site-packages/mypkg-0.0.0-py3.8.egg-info' (and everything under it)
[0.497s] Copying ../../build/mypkg/mypkg.egg-info to /home/nakayama/ros2_ws/install/mypkg/lib/python3.8/site-packages/mypkg-0.0.0-py3.8.egg-info
[0.498s] running install_scripts
[0.508s] Installing talker script to /home/nakayama/ros2_ws/install/mypkg/lib/mypkg
[0.508s] writing list of installed files to '/home/nakayama/ros2_ws/build/mypkg/install.log'
[0.519s] Invoked command in '/home/nakayama/ros2_ws/src/mypkg' returned '0': PYTHONPATH=/home/nakayama/ros2_ws/build/mypkg/prefix_override:/usr/lib/python3/dist-packages/colcon_core/task/python/colcon_distutils_commands:/home/nakayama/ros2_ws/install/mypkg/lib/python3.8/site-packages:${PYTHONPATH} /usr/bin/python3 -W ignore:setup.py install is deprecated setup.py egg_info --egg-base ../../build/mypkg build --build-base /home/nakayama/ros2_ws/build/mypkg/build install --record /home/nakayama/ros2_ws/build/mypkg/install.log --install-scripts $base/lib/mypkg --single-version-externally-managed install_data
