[0.305s] Invoking command in '/home/nakayama/ros2_ws/src/mypkg': PYTHONPATH=/home/nakayama/ros2_ws/build/mypkg/prefix_override:/usr/lib/python3/dist-packages/colcon_core/task/python/colcon_distutils_commands:/home/nakayama/ros2_ws/install/mypkg/lib/python3.8/site-packages:${PYTHONPATH} /usr/bin/python3 -W ignore:setup.py install is deprecated setup.py egg_info --egg-base ../../build/mypkg build --build-base /home/nakayama/ros2_ws/build/mypkg/build install --record /home/nakayama/ros2_ws/build/mypkg/install.log --install-scripts $base/lib/mypkg --single-version-externally-managed install_data
[0.404s] running egg_info
[0.404s] writing ../../build/mypkg/mypkg.egg-info/PKG-INFO
[0.404s] writing dependency_links to ../../build/mypkg/mypkg.egg-info/dependency_links.txt
[0.404s] writing entry points to ../../build/mypkg/mypkg.egg-info/entry_points.txt
[0.404s] writing requirements to ../../build/mypkg/mypkg.egg-info/requires.txt
[0.404s] writing top-level names to ../../build/mypkg/mypkg.egg-info/top_level.txt
[0.422s] reading manifest file '../../build/mypkg/mypkg.egg-info/SOURCES.txt'
[0.422s] writing manifest file '../../build/mypkg/mypkg.egg-info/SOURCES.txt'
[0.422s] running build
[0.422s] running build_py
[0.422s] copying mypkg/talker.py -> /home/nakayama/ros2_ws/build/mypkg/build/lib/mypkg
[0.423s] running install
[0.423s] running install_lib
[0.424s] copying /home/nakayama/ros2_ws/build/mypkg/build/lib/mypkg/talker.py -> /home/nakayama/ros2_ws/install/mypkg/lib/python3.8/site-packages/mypkg
[0.424s] byte-compiling /home/nakayama/ros2_ws/install/mypkg/lib/python3.8/site-packages/mypkg/talker.py to talker.cpython-38.pyc
[0.425s] running install_data
[0.425s] copying package.xml -> /home/nakayama/ros2_ws/install/mypkg/share/mypkg
[0.425s] running install_egg_info
[0.426s] removing '/home/nakayama/ros2_ws/install/mypkg/lib/python3.8/site-packages/mypkg-0.0.0-py3.8.egg-info' (and everything under it)
[0.426s] Copying ../../build/mypkg/mypkg.egg-info to /home/nakayama/ros2_ws/install/mypkg/lib/python3.8/site-packages/mypkg-0.0.0-py3.8.egg-info
[0.426s] running install_scripts
[0.435s] Installing talker script to /home/nakayama/ros2_ws/install/mypkg/lib/mypkg
[0.435s] writing list of installed files to '/home/nakayama/ros2_ws/build/mypkg/install.log'
[0.446s] Invoked command in '/home/nakayama/ros2_ws/src/mypkg' returned '0': PYTHONPATH=/home/nakayama/ros2_ws/build/mypkg/prefix_override:/usr/lib/python3/dist-packages/colcon_core/task/python/colcon_distutils_commands:/home/nakayama/ros2_ws/install/mypkg/lib/python3.8/site-packages:${PYTHONPATH} /usr/bin/python3 -W ignore:setup.py install is deprecated setup.py egg_info --egg-base ../../build/mypkg build --build-base /home/nakayama/ros2_ws/build/mypkg/build install --record /home/nakayama/ros2_ws/build/mypkg/install.log --install-scripts $base/lib/mypkg --single-version-externally-managed install_data
